Using pre-set license
Built from '2020.3/staging' branch; Version is '2020.3.0f1 (c7b5465681fb) revision 13088070'; Using compiler version '192528614'; Build Type 'Release'
OS: 'Windows 10 Pro; OS build 18363.1440; Version 1909; 64bit' Language: 'en' Physical Memory: 16328 MB
BatchMode: 1, IsHumanControllingUs: 0, StartBugReporterOnCrash: 0, Is64bit: 1, IsPro: 0

 COMMAND LINE ARGUMENTS:
C:\Program Files\Unity\Hub\Editor\2020.3.0f1\Editor\Unity.exe
-adb2
-batchMode
-noUpm
-name
AssetImportWorker0
-projectPath
C:/Users/Maria/RobotMVP
-logFile
Logs/AssetImportWorker0.log
-srvPort
53480
Successfully changed project path to: C:/Users/Maria/RobotMVP
C:/Users/Maria/RobotMVP
Using Asset Import Pipeline V2.
Refreshing native plugins compatible for Editor in 41.72 ms, found 1 plugins.
Preloading 0 native plugins for Editor in 0.00 ms.
Initialize engine version: 2020.3.0f1 (c7b5465681fb)
[Subsystems] Discovering subsystems at path C:/Program Files/Unity/Hub/Editor/2020.3.0f1/Editor/Data/Resources/UnitySubsystems
[Subsystems] Discovering subsystems at path C:/Users/Maria/RobotMVP/Assets
GfxDevice: creating device client; threaded=0
Direct3D:
    Version:  Direct3D 11.0 [level 11.0]
    Renderer: NVIDIA GeForce GT 710 (ID=0x128b)
    Vendor:   
    VRAM:     2007 MB
    Driver:   27.21.14.5671
Initialize mono
Mono path[0] = 'C:/Program Files/Unity/Hub/Editor/2020.3.0f1/Editor/Data/Managed'
Mono path[1] = 'C:/Program Files/Unity/Hub/Editor/2020.3.0f1/Editor/Data/MonoBleedingEdge/lib/mono/unityjit'
Mono config path = 'C:/Program Files/Unity/Hub/Editor/2020.3.0f1/Editor/Data/MonoBleedingEdge/etc'
Using monoOptions --debugger-agent=transport=dt_socket,embedding=1,server=y,suspend=n,address=127.0.0.1:56476
Begin MonoManager ReloadAssembly
Registering precompiled unity dll's ...
Register platform support module: C:/Program Files/Unity/Hub/Editor/2020.3.0f1/Editor/Data/PlaybackEngines/WindowsStandaloneSupport/UnityEditor.WindowsStandalone.Extensions.dll
Registered in 0.004424 seconds.
Native extension for WindowsStandalone target not found
Refreshing native plugins compatible for Editor in 30.41 ms, found 1 plugins.
Preloading 0 native plugins for Editor in 0.00 ms.
Invoked RoslynAnalysisRunner static constructor.
RoslynAnalysisRunner will not be running.
RoslynAnalysisRunner has terminated.
Mono: successfully reloaded assembly
- Completed reload, in  1.843 seconds
Platform modules already initialized, skipping
Registering precompiled user dll's ...
Registered in 0.006474 seconds.
Begin MonoManager ReloadAssembly
Native extension for WindowsStandalone target not found
Refreshing native plugins compatible for Editor in 0.32 ms, found 1 plugins.
Preloading 0 native plugins for Editor in 0.00 ms.
System.Reflection.TargetInvocationException: Exception has been thrown by the target of an invocation. ---> System.NullReferenceException: Object reference not set to an instance of an object
  at UniGit.Utils.GitReflectionHelper..ctor () [0x00029] in D:\My Documents\My Pictures\My Art\Games\UniGit\Assets\Plugins\UniGit\Editor\Utils\GitReflectionHelper.cs:16 
  at (wrapper managed-to-native) System.Reflection.MonoCMethod.InternalInvoke(System.Reflection.MonoCMethod,object,object[],System.Exception&)
  at System.Reflection.MonoCMethod.InternalInvoke (System.Object obj, System.Object[] parameters) [0x00002] in <eae584ce26bc40229c1b1aa476bfa589>:0 
   --- End of inner exception stack trace ---
  at System.Reflection.MonoCMethod.InternalInvoke (System.Object obj, System.Object[] parameters) [0x00014] in <eae584ce26bc40229c1b1aa476bfa589>:0 
  at System.RuntimeType.CreateInstanceMono (System.Boolean nonPublic) [0x000a8] in <eae584ce26bc40229c1b1aa476bfa589>:0 
  at System.RuntimeType.CreateInstanceSlow (System.Boolean publicOnly, System.Boolean skipCheckThis, System.Boolean fillCache, System.Threading.StackCrawlMark& stackMark) [0x00009] in <eae584ce26bc40229c1b1aa476bfa589>:0 
  at System.RuntimeType.CreateInstanceDefaultCtor (System.Boolean publicOnly, System.Boolean skipCheckThis, System.Boolean fillCache, System.Threading.StackCrawlMark& stackMark) [0x00027] in <eae584ce26bc40229c1b1aa476bfa589>:0 
  at System.Activator.CreateInstance (System.Type type, System.Boolean nonPublic) [0x00020] in <eae584ce26bc40229c1b1aa476bfa589>:0 
  at System.Activator.CreateInstance (System.Type type) [0x00000] in <eae584ce26bc40229c1b1aa476bfa589>:0 
  at UniGit.Utils.InjectionHelper.CreateInstance (System.Type type, System.Object[] additionalArguments) [0x000a2] in D:\My Documents\My Pictures\My Art\Games\UniGit\Assets\Plugins\UniGit\Editor\Utils\InjectionHelper.cs:87 
  at UniGit.Utils.InjectionHelper+Resolve.CreateInstance (UniGit.Utils.InjectionHelper injectionHelper) [0x00040] in D:\My Documents\My Pictures\My Art\Games\UniGit\Assets\Plugins\UniGit\Editor\Utils\InjectionHelper.cs:545 
  at UniGit.Utils.InjectionHelper+Resolve.EnsureInstance (UniGit.Utils.InjectionHelper injectionHelper) [0x00010] in D:\My Documents\My Pictures\My Art\Games\UniGit\Assets\Plugins\UniGit\Editor\Utils\InjectionHelper.cs:552 
  at UniGit.Utils.InjectionHelper+Resolve.GetInstance (UniGit.Utils.InjectionHelper injectionHelper) [0x0000f] in D:\My Documents\My Pictures\My Art\Games\UniGit\Assets\Plugins\UniGit\Editor\Utils\InjectionHelper.cs:529 
  at UniGit.Utils.InjectionHelper.GetInstance[T] () [0x0004f] in D:\My Documents\My Pictures\My Art\Games\UniGit\Assets\Plugins\UniGit\Editor\Utils\InjectionHelper.cs:314 
  at UniGit.UniGitLoader.Rebuild (UniGit.Utils.InjectionHelper injectionHelper) [0x00055] in D:\My Documents\My Pictures\My Art\Games\UniGit\Assets\Plugins\UniGit\Editor\UniGitLoader.cs:105 
  at UniGit.UniGitLoader..cctor () [0x00347] in D:\My Documents\My Pictures\My Art\Games\UniGit\Assets\Plugins\UniGit\Editor\UniGitLoader.cs:82 
UnityEngine.StackTraceUtility:ExtractStackTrace ()
UnityEngine.DebugLogHandler:LogFormat (UnityEngine.LogType,UnityEngine.Object,string,object[])
UnityEngine.Logger:Log (UnityEngine.LogType,object)
UnityEngine.Debug:LogError (object)
UnityEditor.EditorAssemblies:ProcessInitializeOnLoadAttributes (System.Type[])

Invoked RoslynAnalysisRunner static constructor.
RoslynAnalysisRunner will not be running.
RoslynAnalysisRunner has terminated.
Mono: successfully reloaded assembly
- Completed reload, in  1.189 seconds
Platform modules already initialized, skipping
========================================================================
Worker process is ready to serve import requests
Launched and connected shader compiler UnityShaderCompiler.exe after 0.07 seconds
Refreshing native plugins compatible for Editor in 0.31 ms, found 1 plugins.
Preloading 0 native plugins for Editor in 0.00 ms.
Unloading 1122 Unused Serialized files (Serialized files now loaded: 0)
System memory in use before: 57.5 MB.
System memory in use after: 57.5 MB.

Unloading 18 unused Assets to reduce memory usage. Loaded Objects now: 1579.
Total: 2.834100 ms (FindLiveObjects: 0.537400 ms CreateObjectMapping: 0.223200 ms MarkObjects: 1.951300 ms  DeleteObjects: 0.120300 ms)

========================================================================
Received Import Request.
  path: Assets/Plugins/WindowsCredentialManagement
  artifactKey: Guid(d0684ba1641a15e41a16caf36ed53435) Importer(815301076,1909f56bfc062723c751e8b465ee728b)
Start importing Assets/Plugins/WindowsCredentialManagement using Guid(d0684ba1641a15e41a16caf36ed53435) Importer(815301076,1909f56bfc062723c751e8b465ee728b)  -> (artifact id: 'a42f60019c79d7265c5c56d518cef203') in 0.007432 seconds
  Import took 0.009746 seconds .

========================================================================
Received Prepare
Registering precompiled user dll's ...
Registered in 0.006972 seconds.
Begin MonoManager ReloadAssembly
Native extension for WindowsStandalone target not found
Refreshing native plugins compatible for Editor in 0.31 ms, found 1 plugins.
Preloading 0 native plugins for Editor in 0.00 ms.
System.Reflection.TargetInvocationException: Exception has been thrown by the target of an invocation. ---> System.NullReferenceException: Object reference not set to an instance of an object
  at UniGit.Utils.GitReflectionHelper..ctor () [0x00029] in D:\My Documents\My Pictures\My Art\Games\UniGit\Assets\Plugins\UniGit\Editor\Utils\GitReflectionHelper.cs:16 
  at (wrapper managed-to-native) System.Reflection.MonoCMethod.InternalInvoke(System.Reflection.MonoCMethod,object,object[],System.Exception&)
  at System.Reflection.MonoCMethod.InternalInvoke (System.Object obj, System.Object[] parameters) [0x00002] in <eae584ce26bc40229c1b1aa476bfa589>:0 
   --- End of inner exception stack trace ---
  at System.Reflection.MonoCMethod.InternalInvoke (System.Object obj, System.Object[] parameters) [0x00014] in <eae584ce26bc40229c1b1aa476bfa589>:0 
  at System.RuntimeType.CreateInstanceMono (System.Boolean nonPublic) [0x000a8] in <eae584ce26bc40229c1b1aa476bfa589>:0 
  at System.RuntimeType.CreateInstanceSlow (System.Boolean publicOnly, System.Boolean skipCheckThis, System.Boolean fillCache, System.Threading.StackCrawlMark& stackMark) [0x00009] in <eae584ce26bc40229c1b1aa476bfa589>:0 
  at System.RuntimeType.CreateInstanceDefaultCtor (System.Boolean publicOnly, System.Boolean skipCheckThis, System.Boolean fillCache, System.Threading.StackCrawlMark& stackMark) [0x00027] in <eae584ce26bc40229c1b1aa476bfa589>:0 
  at System.Activator.CreateInstance (System.Type type, System.Boolean nonPublic) [0x00020] in <eae584ce26bc40229c1b1aa476bfa589>:0 
  at System.Activator.CreateInstance (System.Type type) [0x00000] in <eae584ce26bc40229c1b1aa476bfa589>:0 
  at UniGit.Utils.InjectionHelper.CreateInstance (System.Type type, System.Object[] additionalArguments) [0x000a2] in D:\My Documents\My Pictures\My Art\Games\UniGit\Assets\Plugins\UniGit\Editor\Utils\InjectionHelper.cs:87 
  at UniGit.Utils.InjectionHelper+Resolve.CreateInstance (UniGit.Utils.InjectionHelper injectionHelper) [0x00040] in D:\My Documents\My Pictures\My Art\Games\UniGit\Assets\Plugins\UniGit\Editor\Utils\InjectionHelper.cs:545 
  at UniGit.Utils.InjectionHelper+Resolve.EnsureInstance (UniGit.Utils.InjectionHelper injectionHelper) [0x00010] in D:\My Documents\My Pictures\My Art\Games\UniGit\Assets\Plugins\UniGit\Editor\Utils\InjectionHelper.cs:552 
  at UniGit.Utils.InjectionHelper+Resolve.GetInstance (UniGit.Utils.InjectionHelper injectionHelper) [0x0000f] in D:\My Documents\My Pictures\My Art\Games\UniGit\Assets\Plugins\UniGit\Editor\Utils\InjectionHelper.cs:529 
  at UniGit.Utils.InjectionHelper.GetInstance[T] () [0x0004f] in D:\My Documents\My Pictures\My Art\Games\UniGit\Assets\Plugins\UniGit\Editor\Utils\InjectionHelper.cs:314 
  at UniGit.UniGitLoader.Rebuild (UniGit.Utils.InjectionHelper injectionHelper) [0x00055] in D:\My Documents\My Pictures\My Art\Games\UniGit\Assets\Plugins\UniGit\Editor\UniGitLoader.cs:105 
  at UniGit.UniGitLoader..cctor () [0x00347] in D:\My Documents\My Pictures\My Art\Games\UniGit\Assets\Plugins\UniGit\Editor\UniGitLoader.cs:82 
UnityEngine.StackTraceUtility:ExtractStackTrace ()
UnityEngine.DebugLogHandler:LogFormat (UnityEngine.LogType,UnityEngine.Object,string,object[])
UnityEngine.Logger:Log (UnityEngine.LogType,object)
UnityEngine.Debug:LogError (object)
UnityEditor.EditorAssemblies:ProcessInitializeOnLoadAttributes (System.Type[])

Invoked RoslynAnalysisRunner static constructor.
RoslynAnalysisRunner will not be running.
RoslynAnalysisRunner has terminated.
Mono: successfully reloaded assembly
- Completed reload, in  1.178 seconds
Platform modules already initialized, skipping
Refreshing native plugins compatible for Editor in 0.35 ms, found 1 plugins.
Preloading 0 native plugins for Editor in 0.00 ms.
Unloading 1115 Unused Serialized files (Serialized files now loaded: 0)
System memory in use before: 57.5 MB.
System memory in use after: 57.5 MB.

Unloading 11 unused Assets to reduce memory usage. Loaded Objects now: 1582.
Total: 2.175300 ms (FindLiveObjects: 0.261800 ms CreateObjectMapping: 0.077300 ms MarkObjects: 1.759800 ms  DeleteObjects: 0.074800 ms)

========================================================================
Received Prepare
Registering precompiled user dll's ...
Registered in 0.003358 seconds.
Begin MonoManager ReloadAssembly
Native extension for WindowsStandalone target not found
Refreshing native plugins compatible for Editor in 0.30 ms, found 1 plugins.
Preloading 0 native plugins for Editor in 0.00 ms.
Invoked RoslynAnalysisRunner static constructor.
RoslynAnalysisRunner will not be running.
RoslynAnalysisRunner has terminated.
Mono: successfully reloaded assembly
- Completed reload, in  1.135 seconds
Platform modules already initialized, skipping
Refreshing native plugins compatible for Editor in 0.30 ms, found 1 plugins.
Preloading 0 native plugins for Editor in 0.00 ms.
Unloading 1113 Unused Serialized files (Serialized files now loaded: 0)
System memory in use before: 57.3 MB.
System memory in use after: 57.4 MB.

Unloading 9 unused Assets to reduce memory usage. Loaded Objects now: 1585.
Total: 1.978400 ms (FindLiveObjects: 0.155500 ms CreateObjectMapping: 0.077300 ms MarkObjects: 1.674600 ms  DeleteObjects: 0.069500 ms)

========================================================================
Received Prepare
Registering precompiled user dll's ...
Registered in 0.002844 seconds.
Begin MonoManager ReloadAssembly
Native extension for WindowsStandalone target not found
Refreshing native plugins compatible for Editor in 0.30 ms, found 1 plugins.
Preloading 0 native plugins for Editor in 0.00 ms.
Invoked RoslynAnalysisRunner static constructor.
RoslynAnalysisRunner will not be running.
RoslynAnalysisRunner has terminated.
Mono: successfully reloaded assembly
- Completed reload, in  1.093 seconds
Platform modules already initialized, skipping
Refreshing native plugins compatible for Editor in 0.45 ms, found 1 plugins.
Preloading 0 native plugins for Editor in 0.00 ms.
Unloading 1112 Unused Serialized files (Serialized files now loaded: 0)
System memory in use before: 57.3 MB.
System memory in use after: 57.3 MB.

Unloading 8 unused Assets to reduce memory usage. Loaded Objects now: 1588.
Total: 3.135100 ms (FindLiveObjects: 0.483700 ms CreateObjectMapping: 0.148400 ms MarkObjects: 2.421100 ms  DeleteObjects: 0.078700 ms)

AssetImportWorkerClient::OnTransportError - code=2 error=End of file
